C51 COMPILER V9.60.0.0   MAIN                                                              12/30/2021 20:22:57 PAGE 1   


C51 COMPILER V9.60.0.0, COMPILATION OF MODULE MAIN
OBJECT MODULE PLACED IN .\Objects\main.obj
COMPILER INVOKED BY: D:\Apps\Keil_v5\C51\BIN\C51.EXE main.c OPTIMIZE(8,SPEED) BROWSE DEBUG OBJECTEXTEND PRINT(.\Listings
                    -\main.lst) TABS(2) OBJECT(.\Objects\main.obj)

line level    source

   1          #include <reg51.h>
   2          
   3          sbit led=P3^3;
   4          
   5          void Delay_us(int n)
   6          {
   7   1        int x;
   8   1      
   9   1        while (n--)
  10   1        {
  11   2          x = 5000;
  12   2          while (x--);
  13   2        }
  14   1      
  15   1      }
  16          
  17          void main()
  18          {
  19   1        led=1;
  20   1        while(1)
  21   1        {
  22   2          led=~led;
  23   2          Delay_us(100);
  24   2        }
  25   1      }


MODULE INFORMATION:   STATIC OVERLAYABLE
   CODE SIZE        =     40    ----
   CONSTANT SIZE    =   ----    ----
   XDATA SIZE       =   ----    ----
   PDATA SIZE       =   ----    ----
   DATA SIZE        =   ----    ----
   IDATA SIZE       =   ----    ----
   BIT SIZE         =   ----    ----
END OF MODULE INFORMATION.


C51 COMPILATION COMPLETE.  0 WARNING(S),  0 ERROR(S)
